# JRE version: OpenJDK Runtime Environment (11.0.11+9) (build 11.0.11+9-b60-7590822)
# Java VM: OpenJDK 64-Bit Server VM (11.0.11+9-b60-7590822, mixed mode, tiered, compressed oops, g1 gc, windows-amd64)
Heap:
 garbage-first heap   total 187392K, used 123694K [0x0000000080000000, 0x0000000100000000)
  region size 1024K, 54 young (55296K), 5 survivors (5120K)
 Metaspace       used 51528K, capacity 52894K, committed 52992K, reserved 563200K
  class space    used 6636K, capacity 7127K, committed 7168K, reserved 516096K
GC Heap History (20 events):
Event: 28.357 GC heap before
{Heap before GC invocations=44 (full 0):
 garbage-first heap   total 155648K, used 132956K [0x0000000080000000, 0x0000000100000000)
  region size 1024K, 68 young (69632K), 5 survivors (5120K)
 Metaspace       used 51520K, capacity 52894K, committed 52992K, reserved 563200K
  class space    used 6636K, capacity 7127K, committed 7168K, reserved 516096K
}
Event: 28.360 GC heap after
{Heap after GC invocations=45 (full 0):
 garbage-first heap   total 155648K, used 69049K [0x0000000080000000, 0x0000000100000000)
  region size 1024K, 6 young (6144K), 6 survivors (6144K)
 Metaspace       used 51520K, capacity 52894K, committed 52992K, reserved 563200K
  class space    used 6636K, capacity 7127K, committed 7168K, reserved 516096K
}
Event: 28.596 GC heap before
{Heap before GC invocations=45 (full 0):
 garbage-first heap   total 155648K, used 131513K [0x0000000080000000, 0x0000000100000000)
  region size 1024K, 67 young (68608K), 6 survivors (6144K)
 Metaspace       used 51520K, capacity 52894K, committed 52992K, reserved 563200K
  class space    used 6636K, capacity 7127K, committed 7168K, reserved 516096K
}
Event: 28.599 GC heap after
{Heap after GC invocations=46 (full 0):
 garbage-first heap   total 155648K, used 70100K [0x0000000080000000, 0x0000000100000000)
  region size 1024K, 6 young (6144K), 6 survivors (6144K)
 Metaspace       used 51520K, capacity 52894K, committed 52992K, reserved 563200K
  class space    used 6636K, capacity 7127K, committed 7168K, reserved 516096K
}
Event: 28.943 GC heap before
{Heap before GC invocations=46 (full 0):
 garbage-first heap   total 155648K, used 132564K [0x0000000080000000, 0x0000000100000000)
  region size 1024K, 67 young (68608K), 6 survivors (6144K)
 Metaspace       used 51520K, capacity 52894K, committed 52992K, reserved 563200K
  class space    used 6636K, capacity 7127K, committed 7168K, reserved 516096K
}
Event: 28.946 GC heap after
{Heap after GC invocations=47 (full 0):
 garbage-first heap   total 155648K, used 70262K [0x0000000080000000, 0x0000000100000000)
  region size 1024K, 5 young (5120K), 5 survivors (5120K)
 Metaspace       used 51520K, capacity 52894K, committed 52992K, reserved 563200K
  class space    used 6636K, capacity 7127K, committed 7168K, reserved 516096K
}
Event: 29.189 GC heap before
{Heap before GC invocations=47 (full 0):
 garbage-first heap   total 155648K, used 133750K [0x0000000080000000, 0x0000000100000000)
  region size 1024K, 67 young (68608K), 5 survivors (5120K)
 Metaspace       used 51520K, capacity 52894K, committed 52992K, reserved 563200K
  class space    used 6636K, capacity 7127K, committed 7168K, reserved 516096K
}
Event: 29.193 GC heap after
{Heap after GC invocations=48 (full 0):
 garbage-first heap   total 155648K, used 70992K [0x0000000080000000, 0x0000000100000000)
  region size 1024K, 5 young (5120K), 5 survivors (5120K)
 Metaspace       used 51520K, capacity 52894K, committed 52992K, reserved 563200K
  class space    used 6636K, capacity 7127K, committed 7168K, reserved 516096K
}
Event: 29.608 GC heap before
{Heap before GC invocations=48 (full 0):
 garbage-first heap   total 155648K, used 133456K [0x0000000080000000, 0x0000000100000000)
  region size 1024K, 66 young (67584K), 5 survivors (5120K)
 Metaspace       used 51520K, capacity 52894K, committed 52992K, reserved 563200K
  class space    used 6636K, capacity 7127K, committed 7168K, reserved 516096K
}
Event: 29.612 GC heap after
{Heap after GC invocations=49 (full 0):
 garbage-first heap   total 155648K, used 71544K [0x0000000080000000, 0x0000000100000000)
  region size 1024K, 5 young (5120K), 5 survivors (5120K)
 Metaspace       used 51520K, capacity 52894K, committed 52992K, reserved 563200K
  class space    used 6636K, capacity 7127K, committed 7168K, reserved 516096K
}
Event: 29.912 GC heap before
{Heap before GC invocations=49 (full 0):
 garbage-first heap   total 155648K, used 132984K [0x0000000080000000, 0x0000000100000000)
  region size 1024K, 65 young (66560K), 5 survivors (5120K)
 Metaspace       used 51520K, capacity 52894K, committed 52992K, reserved 563200K
  class space    used 6636K, capacity 7127K, committed 7168K, reserved 516096K
}
Event: 29.916 GC heap after
{Heap after GC invocations=50 (full 0):
 garbage-first heap   total 155648K, used 72105K [0x0000000080000000, 0x0000000100000000)
  region size 1024K, 6 young (6144K), 6 survivors (6144K)
 Metaspace       used 51520K, capacity 52894K, committed 52992K, reserved 563200K
  class space    used 6636K, capacity 7127K, committed 7168K, reserved 516096K
}
Event: 30.154 GC heap before
{Heap before GC invocations=50 (full 0):
 garbage-first heap   total 155648K, used 131497K [0x0000000080000000, 0x0000000100000000)
  region size 1024K, 64 young (65536K), 6 survivors (6144K)
 Metaspace       used 51520K, capacity 52894K, committed 52992K, reserved 563200K
  class space    used 6636K, capacity 7127K, committed 7168K, reserved 516096K
}
Event: 30.157 GC heap after
{Heap after GC invocations=51 (full 0):
 garbage-first heap   total 155648K, used 72778K [0x0000000080000000, 0x0000000100000000)
  region size 1024K, 5 young (5120K), 5 survivors (5120K)
 Metaspace       used 51520K, capacity 52894K, committed 52992K, reserved 563200K
  class space    used 6636K, capacity 7127K, committed 7168K, reserved 516096K
}
Event: 30.463 GC heap before
{Heap before GC invocations=51 (full 0):
 garbage-first heap   total 155648K, used 133194K [0x0000000080000000, 0x0000000100000000)
  region size 1024K, 64 young (65536K), 5 survivors (5120K)
 Metaspace       used 51521K, capacity 52894K, committed 52992K, reserved 563200K
  class space    used 6636K, capacity 7127K, committed 7168K, reserved 516096K
}
Event: 30.467 GC heap after
{Heap after GC invocations=52 (full 0):
 garbage-first heap   total 155648K, used 73387K [0x0000000080000000, 0x0000000100000000)
  region size 1024K, 5 young (5120K), 5 survivors (5120K)
 Metaspace       used 51521K, capacity 52894K, committed 52992K, reserved 563200K
  class space    used 6636K, capacity 7127K, committed 7168K, reserved 516096K
}
Event: 30.766 GC heap before
{Heap before GC invocations=52 (full 0):
 garbage-first heap   total 155648K, used 132779K [0x0000000080000000, 0x0000000100000000)
  region size 1024K, 63 young (64512K), 5 survivors (5120K)
 Metaspace       used 51525K, capacity 52894K, committed 52992K, reserved 563200K
  class space    used 6636K, capacity 7127K, committed 7168K, reserved 516096K
}
Event: 30.771 GC heap after
{Heap after GC invocations=53 (full 0):
 garbage-first heap   total 187392K, used 74152K [0x0000000080000000, 0x0000000100000000)
  region size 1024K, 5 young (5120K), 5 survivors (5120K)
 Metaspace       used 51525K, capacity 52894K, committed 52992K, reserved 563200K
  class space    used 6636K, capacity 7127K, committed 7168K, reserved 516096K
}
Event: 30.941 GC heap before
{Heap before GC invocations=53 (full 0):
 garbage-first heap   total 187392K, used 151976K [0x0000000080000000, 0x0000000100000000)
  region size 1024K, 81 young (82944K), 5 survivors (5120K)
 Metaspace       used 51525K, capacity 52894K, committed 52992K, reserved 563200K
  class space    used 6636K, capacity 7127K, committed 7168K, reserved 516096K
}
Event: 30.945 GC heap after
{Heap after GC invocations=54 (full 0):
 garbage-first heap   total 187392K, used 74542K [0x0000000080000000, 0x0000000100000000)
  region size 1024K, 5 young (5120K), 5 survivors (5120K)
 Metaspace       used 51525K, capacity 52894K, committed 52992K, reserved 563200K
  class space    used 6636K, capacity 7127K, committed 7168K, reserved 516096K
}

